<?xml version="1.0" encoding="UTF-8"?>
<testng-results skipped="0" failed="0" total="1" passed="1">
  <reporter-output>
  </reporter-output>
  <suite name="Default suite" duration-ms="50697" started-at="2020-07-24T18:27:48Z" finished-at="2020-07-24T18:28:39Z">
    <groups>
    </groups>
    <test name="Default test" duration-ms="50697" started-at="2020-07-24T18:27:48Z" finished-at="2020-07-24T18:28:39Z">
      <class name="Testscripts3.multipleactions">
        <test-method status="PASS" signature="openapp()[pri:0, instance:Testscripts3.multipleactions@233c0b17]" name="openapp" is-config="true" duration-ms="29442" started-at="2020-07-24T23:57:48Z" finished-at="2020-07-24T23:58:18Z">
          <reporter-output>
          </reporter-output>
        </test-method> <!-- openapp -->
        <test-method status="PASS" signature="test()[pri:0, instance:Testscripts3.multipleactions@233c0b17]" name="test" duration-ms="6159" started-at="2020-07-24T23:58:18Z" finished-at="2020-07-24T23:58:24Z">
          <reporter-output>
          </reporter-output>
        </test-method> <!-- test -->
        <test-method status="PASS" signature="closeapp()[pri:0, instance:Testscripts3.multipleactions@233c0b17]" name="closeapp" is-config="true" duration-ms="15096" started-at="2020-07-24T23:58:24Z" finished-at="2020-07-24T23:58:39Z">
          <reporter-output>
          </reporter-output>
        </test-method> <!-- closeapp -->
      </class> <!-- Testscripts3.multipleactions -->
    </test> <!-- Default test -->
  </suite> <!-- Default suite -->
</testng-results>
